# JRE version: OpenJDK Runtime Environment Zulu11.58+23-CA (11.0.16.1+1) (build 11.0.16.1+1-LTS)
# Java VM: OpenJDK 64-Bit Server VM Zulu11.58+23-CA (11.0.16.1+1-LTS, mixed mode, tiered, compressed oops, g1 gc, bsd-amd64)
Heap:
 garbage-first heap   total 315392K, used 122368K [0x0000000780000000, 0x0000000800000000)
  region size 1024K, 24 young (24576K), 20 survivors (20480K)
 Metaspace       used 94362K, capacity 97837K, committed 98056K, reserved 1134592K
  class space    used 12460K, capacity 13772K, committed 13824K, reserved 1048576K
GC Heap History (20 events):
Event: 2.386 GC heap before
{Heap before GC invocations=4 (full 0):
 garbage-first heap   total 262144K, used 24135K [0x0000000780000000, 0x0000000800000000)
  region size 1024K, 14 young (14336K), 6 survivors (6144K)
 Metaspace       used 20627K, capacity 21068K, committed 21296K, reserved 1069056K
  class space    used 2472K, capacity 2620K, committed 2688K, reserved 1048576K
}
Event: 2.391 GC heap after
{Heap after GC invocations=5 (full 0):
 garbage-first heap   total 262144K, used 17280K [0x0000000780000000, 0x0000000800000000)
  region size 1024K, 3 young (3072K), 3 survivors (3072K)
 Metaspace       used 20627K, capacity 21068K, committed 21296K, reserved 1069056K
  class space    used 2472K, capacity 2620K, committed 2688K, reserved 1048576K
}
Event: 3.481 GC heap before
{Heap before GC invocations=6 (full 0):
 garbage-first heap   total 262144K, used 81792K [0x0000000780000000, 0x0000000800000000)
  region size 1024K, 66 young (67584K), 3 survivors (3072K)
 Metaspace       used 27279K, capacity 27927K, committed 28080K, reserved 1073152K
  class space    used 3522K, capacity 3763K, committed 3840K, reserved 1048576K
}
Event: 3.490 GC heap after
{Heap after GC invocations=7 (full 0):
 garbage-first heap   total 262144K, used 19622K [0x0000000780000000, 0x0000000800000000)
  region size 1024K, 6 young (6144K), 6 survivors (6144K)
 Metaspace       used 27279K, capacity 27927K, committed 28080K, reserved 1073152K
  class space    used 3522K, capacity 3763K, committed 3840K, reserved 1048576K
}
Event: 4.525 GC heap before
{Heap before GC invocations=7 (full 0):
 garbage-first heap   total 262144K, used 74918K [0x0000000780000000, 0x0000000800000000)
  region size 1024K, 61 young (62464K), 6 survivors (6144K)
 Metaspace       used 34920K, capacity 35707K, committed 35920K, reserved 1081344K
  class space    used 4464K, capacity 4782K, committed 4864K, reserved 1048576K
}
Event: 4.536 GC heap after
{Heap after GC invocations=8 (full 0):
 garbage-first heap   total 262144K, used 22624K [0x0000000780000000, 0x0000000800000000)
  region size 1024K, 9 young (9216K), 9 survivors (9216K)
 Metaspace       used 34920K, capacity 35707K, committed 35920K, reserved 1081344K
  class space    used 4464K, capacity 4782K, committed 4864K, reserved 1048576K
}
Event: 10.656 GC heap before
{Heap before GC invocations=9 (full 0):
 garbage-first heap   total 262144K, used 131168K [0x0000000780000000, 0x0000000800000000)
  region size 1024K, 112 young (114688K), 9 survivors (9216K)
 Metaspace       used 43871K, capacity 45009K, committed 45264K, reserved 1089536K
  class space    used 5471K, capacity 5940K, committed 6016K, reserved 1048576K
}
Event: 10.682 GC heap after
{Heap after GC invocations=10 (full 0):
 garbage-first heap   total 262144K, used 30882K [0x0000000780000000, 0x0000000800000000)
  region size 1024K, 14 young (14336K), 14 survivors (14336K)
 Metaspace       used 43871K, capacity 45009K, committed 45264K, reserved 1089536K
  class space    used 5471K, capacity 5940K, committed 6016K, reserved 1048576K
}
Event: 13.189 GC heap before
{Heap before GC invocations=10 (full 0):
 garbage-first heap   total 262144K, used 177314K [0x0000000780000000, 0x0000000800000000)
  region size 1024K, 153 young (156672K), 14 survivors (14336K)
 Metaspace       used 54880K, capacity 56382K, committed 56656K, reserved 1097728K
  class space    used 7055K, capacity 7655K, committed 7680K, reserved 1048576K
}
Event: 13.237 GC heap after
{Heap after GC invocations=11 (full 0):
 garbage-first heap   total 315392K, used 43449K [0x0000000780000000, 0x0000000800000000)
  region size 1024K, 17 young (17408K), 17 survivors (17408K)
 Metaspace       used 54880K, capacity 56382K, committed 56656K, reserved 1097728K
  class space    used 7055K, capacity 7655K, committed 7680K, reserved 1048576K
}
Event: 13.979 GC heap before
{Heap before GC invocations=11 (full 0):
 garbage-first heap   total 315392K, used 84409K [0x0000000780000000, 0x0000000800000000)
  region size 1024K, 58 young (59392K), 17 survivors (17408K)
 Metaspace       used 58575K, capacity 60217K, committed 60296K, reserved 1101824K
  class space    used 7608K, capacity 8297K, committed 8320K, reserved 1048576K
}
Event: 14.005 GC heap after
{Heap after GC invocations=12 (full 0):
 garbage-first heap   total 315392K, used 45268K [0x0000000780000000, 0x0000000800000000)
  region size 1024K, 11 young (11264K), 11 survivors (11264K)
 Metaspace       used 58575K, capacity 60217K, committed 60296K, reserved 1101824K
  class space    used 7608K, capacity 8297K, committed 8320K, reserved 1048576K
}
Event: 16.408 GC heap before
{Heap before GC invocations=13 (full 0):
 garbage-first heap   total 315392K, used 203988K [0x0000000780000000, 0x0000000800000000)
  region size 1024K, 166 young (169984K), 11 survivors (11264K)
 Metaspace       used 68358K, capacity 70396K, committed 70536K, reserved 1110016K
  class space    used 8955K, capacity 9787K, committed 9856K, reserved 1048576K
}
Event: 16.437 GC heap after
{Heap after GC invocations=14 (full 0):
 garbage-first heap   total 315392K, used 53460K [0x0000000780000000, 0x0000000800000000)
  region size 1024K, 19 young (19456K), 19 survivors (19456K)
 Metaspace       used 68358K, capacity 70396K, committed 70536K, reserved 1110016K
  class space    used 8955K, capacity 9787K, committed 9856K, reserved 1048576K
}
Event: 19.804 GC heap before
{Heap before GC invocations=14 (full 0):
 garbage-first heap   total 315392K, used 225492K [0x0000000780000000, 0x0000000800000000)
  region size 1024K, 184 young (188416K), 19 survivors (19456K)
 Metaspace       used 82294K, capacity 84582K, committed 84872K, reserved 1122304K
  class space    used 10617K, capacity 11557K, committed 11648K, reserved 1048576K
}
Event: 19.864 GC heap after
{Heap after GC invocations=15 (full 0):
 garbage-first heap   total 315392K, used 72875K [0x0000000780000000, 0x0000000800000000)
  region size 1024K, 23 young (23552K), 23 survivors (23552K)
 Metaspace       used 82294K, capacity 84582K, committed 84872K, reserved 1122304K
  class space    used 10617K, capacity 11557K, committed 11648K, reserved 1048576K
}
Event: 26.297 GC heap before
{Heap before GC invocations=15 (full 0):
 garbage-first heap   total 315392K, used 227499K [0x0000000780000000, 0x0000000800000000)
  region size 1024K, 174 young (178176K), 23 survivors (23552K)
 Metaspace       used 90539K, capacity 93181K, committed 93448K, reserved 1130496K
  class space    used 11912K, capacity 12972K, committed 13056K, reserved 1048576K
}
Event: 26.351 GC heap after
{Heap after GC invocations=16 (full 0):
 garbage-first heap   total 315392K, used 85872K [0x0000000780000000, 0x0000000800000000)
  region size 1024K, 13 young (13312K), 13 survivors (13312K)
 Metaspace       used 90539K, capacity 93181K, committed 93448K, reserved 1130496K
  class space    used 11912K, capacity 12972K, committed 13056K, reserved 1048576K
}
Event: 28.815 GC heap before
{Heap before GC invocations=16 (full 0):
 garbage-first heap   total 315392K, used 240496K [0x0000000780000000, 0x0000000800000000)
  region size 1024K, 157 young (160768K), 13 survivors (13312K)
 Metaspace       used 94288K, capacity 97766K, committed 98056K, reserved 1134592K
  class space    used 12452K, capacity 13759K, committed 13824K, reserved 1048576K
}
Event: 28.878 GC heap after
{Heap after GC invocations=17 (full 0):
 garbage-first heap   total 315392K, used 119296K [0x0000000780000000, 0x0000000800000000)
  region size 1024K, 20 young (20480K), 20 survivors (20480K)
 Metaspace       used 94288K, capacity 97766K, committed 98056K, reserved 1134592K
  class space    used 12452K, capacity 13759K, committed 13824K, reserved 1048576K
}

